<?xml version="1.0" encoding="UTF-8"?>
<!-- Generated by org.testng.reporters.JUnitReportReporter -->
<testsuite hostname="DESKTOP-VIN86OV" failures="0" tests="2" name="testscript.LoginTest" time="9.334" errors="0" timestamp="2026-04-24T07:37:16 IST" skipped="0">
  <testcase classname="testscript.LoginTest" name="verifywhetheruserisabletoLoginwithInvalidUsernameandValidPassword" time="5.194"/>
  <testcase classname="testscript.LoginTest" name="verifywhetheruserisabletoLoginwithInvalidUsernameandValidPassword" time="4.140"/>
</testsuite> <!-- testscript.LoginTest -->
