<?xml version="1.0" encoding="UTF-8"?>
<!-- Generated by org.testng.reporters.JUnitXMLReporter -->
<testsuite ignored="2" hostname="DESKTOP-VIN86OV" failures="0" tests="2" name="Test" time="8.818" errors="0" timestamp="2026-04-16T07:42:48 IST">
  <testcase classname="testscript.LoginTest" name="verifywhetheruserisabletologinValidCredential" time="2.113"/>
  <testcase classname="testscript.LoginTest" name="verifywhetheruserisabletoLoginwithInvalidUsernameandValidPassword" time="0.963"/>
  <testcase classname="testscript.LoginTest" name="verifywhetheruserisabletoLoginwithInvalidCredentials" time="0.0">
    <ignored/>
  </testcase> <!-- verifywhetheruserisabletoLoginwithInvalidCredentials -->
  <testcase classname="testscript.LoginTest" name="verifywhetheruserisabletoLoginwithValidUsernameandInvalidPassword" time="0.0">
    <ignored/>
  </testcase> <!-- verifywhetheruserisabletoLoginwithValidUsernameandInvalidPassword -->
</testsuite> <!-- Test -->
