<?xml version="1.0" encoding="UTF-8"?>
<!-- Generated by org.testng.reporters.JUnitReportReporter -->
<testsuite hostname="DESKTOP-VIN86OV" failures="0" tests="2" name="testscript.LoginTest" time="8.728" errors="0" timestamp="2026-04-21T07:18:34 IST" skipped="0">
  <testcase classname="testscript.LoginTest" name="verifywhetheruserisabletoLoginwithInvalidUsernameandValidPassword" time="3.351"/>
  <testcase classname="testscript.LoginTest" name="verifywhetheruserisabletoLoginwithInvalidUsernameandValidPassword" time="5.377"/>
</testsuite> <!-- testscript.LoginTest -->
