<?xml version="1.0" encoding="UTF-8"?>
<!-- Generated by org.testng.reporters.JUnitReportReporter -->
<testsuite hostname="DESKTOP-VIN86OV" failures="0" tests="2" name="testscript.ManageNewsTest" time="13.560" errors="0" timestamp="2026-04-20T07:06:00 IST" skipped="0">
  <testcase classname="testscript.ManageNewsTest" name="verifywhethertheuserisabletosearchtheNewlyAddedNews" time="4.958"/>
  <testcase classname="testscript.ManageNewsTest" name="verifywhethertheuserisabletoaddnews" time="8.602"/>
</testsuite> <!-- testscript.ManageNewsTest -->
