<?xml version="1.0" encoding="UTF-8"?>
<!-- Generated by org.testng.reporters.JUnitXMLReporter -->
<testsuite ignored="3" hostname="DESKTOP-VIN86OV" failures="0" tests="2" name="Test" time="9.434" errors="0" timestamp="2026-04-24T07:37:16 IST">
  <testcase classname="testscript.LoginTest" name="verifywhetheruserisabletoLoginwithInvalidUsernameandValidPassword" time="0.972"/>
  <testcase classname="testscript.LoginTest" name="verifywhetheruserisabletoLoginwithInvalidUsernameandValidPassword" time="1.42"/>
  <testcase classname="testscript.LoginTest" name="verifywhetheruserisabletoLoginwithValidUsernameandInvalidPassword" time="0.0">
    <ignored/>
  </testcase> <!-- verifywhetheruserisabletoLoginwithValidUsernameandInvalidPassword -->
  <testcase classname="testscript.LoginTest" name="verifywhetheruserisabletologinValidCredential" time="0.0">
    <ignored/>
  </testcase> <!-- verifywhetheruserisabletologinValidCredential -->
  <testcase classname="testscript.LoginTest" name="verifywhetheruserisabletoLoginwithInvalidCredentials" time="0.0">
    <ignored/>
  </testcase> <!-- verifywhetheruserisabletoLoginwithInvalidCredentials -->
</testsuite> <!-- Test -->
